 INFO: Upgrade initialized with {:enable_user_root=>false}
 INFO: RUBY_VERSION: 2.2.3
 INFO: USER: ondra
 INFO: REDMINE_ROOT: /home/ondra/projekty/redmine-installer/aaa
 INFO: Package was loaded into /tmp/d20160306-12649-18fy72o.
 INFO: Backup type: complete
 INFO: Files backed up
 INFO: Database backed up
 INFO: Important files was copyied
  STD: --> Bundle install (bundle install )
  STD: Fetching gem metadata from https://rubygems.org/...........
  STD: Fetching version metadata from https://rubygems.org/...
  STD: Fetching dependency metadata from https://rubygems.org/..
  STD: Resolving dependencies............
  STD: Using rake 10.5.0
  STD: Using i18n 0.7.0
  STD: Using json 1.8.3
  STD: Using minitest 5.8.4
  STD: Using thread_safe 0.3.5
  STD: Using tzinfo 1.2.2
  STD: Using activesupport 4.2.5
  STD: Using builder 3.2.2
  STD: Using erubis 2.7.0
  STD: Using mini_portile2 2.0.0
  STD: Using nokogiri 1.6.7.2
  STD: Using rails-deprecated_sanitizer 1.0.3
  STD: Using rails-dom-testing 1.0.7
  STD: Using loofah 2.0.3
  STD: Using rails-html-sanitizer 1.0.3
  STD: Using actionview 4.2.5
  STD: Using rack 1.6.4
  STD: Using rack-test 0.6.3
  STD: Using actionpack 4.2.5
  STD: Using globalid 0.3.6
  STD: Using activejob 4.2.5
  STD: Using mime-types 2.99.1
  STD: Using mail 2.6.3
  STD: Using actionmailer 4.2.5
  STD: Using actionpack-action_caching 1.1.1
  STD: Using actionpack-xml_parser 1.0.2
  STD: Using activemodel 4.2.5
  STD: Using arel 6.0.3
  STD: Using activerecord 4.2.5
  STD: Using addressable 2.4.0
  STD: Using bundler 1.10.6
  STD: Using xpath 2.0.0
  STD: Using capybara 2.6.2
  STD: Using ffi 1.9.10
  STD: Using childprocess 0.5.9
  STD: Using coderay 1.1.1
  STD: Using concurrent-ruby 1.0.1
  STD: Using css_parser 1.3.7
  STD: Using docile 1.1.5
  STD: Using htmlentities 4.3.1
  STD: Using thor 0.19.1
  STD: Using railties 4.2.5
  STD: Using jquery-rails 3.1.4
  STD: Using metaclass 0.0.4
  STD: Using mocha 1.1.0
  STD: Using multi_json 1.11.2
  STD: Using mysql2 0.3.20
  STD: Using net-ldap 0.12.1
  STD: Using protected_attributes 1.1.3
  STD: Using ruby-openid 2.3.0
  STD: Using rack-openid 1.4.2
  STD: Using sprockets 3.5.2
  STD: Using sprockets-rails 3.0.4
  STD: Using rails 4.2.5
  STD: Using rbpdf-font 1.19.0
  STD: Using rbpdf 1.19.0
  STD: Using rdoc 4.2.2
  STD: Using redcarpet 3.3.4
  STD: Using request_store 1.0.5
  STD: Using rmagick 2.15.4
  STD: Using roadie 3.1.1
  STD: Using roadie-rails 1.1.0
  STD: Using rubyzip 1.2.0
  STD: Using websocket 1.2.2
  STD: Using selenium-webdriver 2.52.0
  STD: Using simplecov-html 0.9.0
  STD: Using simplecov 0.9.2
  STD: Using yard 0.8.7.6
  STD: Bundle complete! 28 Gemfile dependencies, 68 gems now installed.
  STD: Use `bundle show [gemname]` to see where a bundled gem is installed.
  STD: --> Database migration (RAILS_ENV=production bundle exec rake db:migrate)
  STD: /home/ondra/.rbenv/versions/2.2.3/lib/ruby/gems/2.2.0/gems/htmlentities-4.3.1/lib/htmlentities/mappings/expanded.rb:465: warning: duplicated key at line 466 ignored: "inodot"
  STD: rake aborted!
  STD: StandardError: An error has occurred, all later migrations canceled:
  STD: 
  STD: Bad/tmp/d20160306-12649-18fy72o/redmine-3.2.0/db/migrate/20151230095005_bad.rb:3:in `up'
  STD: Bad
  STD: /tmp/d20160306-12649-18fy72o/redmine-3.2.0/db/migrate/20151230095005_bad.rb:3:in `up'
  STD: Tasks: TOP => db:migrate
  STD: (See full trace by running task with --trace)
  STD: == 20151229095005 Good: migrating =============================================
  STD: -- add_column(:projects, :new_test_column, :integer, {:default=>nil})
  STD:    -> 0.6183s
  STD: == 20151229095005 Good: migrated (0.6184s) ====================================
  STD: 
  STD: == 20151230095005 Bad: migrating ==============================================
 INFO: Database restored
ERROR: Upgrade failed
ERROR: /home/ondra/projekty/redmine-installer/lib/redmine-installer/utils.rb:103:in `error'
ERROR: /home/ondra/projekty/redmine-installer/lib/redmine-installer/upgrade.rb:32:in `rescue in up'
ERROR: /home/ondra/projekty/redmine-installer/lib/redmine-installer/upgrade.rb:18:in `up'
ERROR: /home/ondra/projekty/redmine-installer/lib/redmine-installer/task.rb:21:in `run'
ERROR: /home/ondra/projekty/redmine-installer/lib/redmine-installer/cli.rb:65:in `block (2 levels) in run'
ERROR: /home/ondra/.rbenv/versions/2.2.3/lib/ruby/gems/2.2.0/gems/commander-4.4.0/lib/commander/command.rb:178:in `call'
ERROR: /home/ondra/.rbenv/versions/2.2.3/lib/ruby/gems/2.2.0/gems/commander-4.4.0/lib/commander/command.rb:178:in `call'
ERROR: /home/ondra/.rbenv/versions/2.2.3/lib/ruby/gems/2.2.0/gems/commander-4.4.0/lib/commander/command.rb:153:in `run'
ERROR: /home/ondra/.rbenv/versions/2.2.3/lib/ruby/gems/2.2.0/gems/commander-4.4.0/lib/commander/runner.rb:442:in `run_active_command'
ERROR: /home/ondra/.rbenv/versions/2.2.3/lib/ruby/gems/2.2.0/gems/commander-4.4.0/lib/commander/runner.rb:71:in `run!'
ERROR: /home/ondra/.rbenv/versions/2.2.3/lib/ruby/gems/2.2.0/gems/commander-4.4.0/lib/commander/delegates.rb:15:in `run!'
ERROR: /home/ondra/projekty/redmine-installer/lib/redmine-installer/cli.rb:91:in `run'
ERROR: bin/redmine:9:in `<main>'
